<?xml version="1.0" encoding="UTF-8" ?>
<testsuite errors="0" failures="0" hostname="valhalla" name="domain.TestPuzzleGame" skipped="0" tests="15" time="0.409" timestamp="2017-06-24T14:58:12">
  <properties>
    <property name="ant.project.invoked-targets" value="all-report" />
    <property name="java.runtime.name" value="OpenJDK Runtime Environment" />
    <property name="sun.boot.library.path" value="/usr/lib/jvm/java-8-openjdk-amd64/jre/lib/amd64" />
    <property name="java.vm.version" value="25.121-b13" />
    <property name="ant.library.dir" value="/home/odin/.p2/pool/plugins/org.apache.ant_1.9.6.v201510161327/lib" />
    <property name="test.home" value="/home/odin/workspace/ine5448/EightPuzzleGame/testes" />
    <property name="ant.version" value="Apache Ant(TM) version 1.9.6 compiled on June 29 2015" />
    <property name="ant.java.version" value="1.8" />
    <property name="java.vm.vendor" value="Oracle Corporation" />
    <property name="java.vendor.url" value="http://java.oracle.com/" />
    <property name="path.separator" value=":" />
    <property name="java.vm.name" value="OpenJDK 64-Bit Server VM" />
    <property name="file.encoding.pkg" value="sun.io" />
    <property name="user.country" value="US" />
    <property name="sun.java.launcher" value="SUN_STANDARD" />
    <property name="sun.os.patch.level" value="unknown" />
    <property name="java.vm.specification.name" value="Java Virtual Machine Specification" />
    <property name="user.dir" value="/home/odin/workspace/ine5448/EightPuzzleGame/scova" />
    <property name="java.runtime.version" value="1.8.0_121-8u121-b13-0ubuntu1.16.04.2-b13" />
    <property name="java.awt.graphicsenv" value="sun.awt.X11GraphicsEnvironment" />
    <property name="eclipse.pdebuild.scripts" value="/home/odin/eclipse/java-neon/eclipse/../../../.p2/pool/plugins/org.eclipse.pde.build_3.9.200.v20160204-0642/scripts//" />
    <property name="basedir" value="/home/odin/workspace/scova/build" />
    <property name="java.endorsed.dirs" value="/usr/lib/jvm/java-8-openjdk-amd64/jre/lib/endorsed" />
    <property name="os.arch" value="amd64" />
    <property name="ant.project.default-target" value="all" />
    <property name="java.io.tmpdir" value="/tmp" />
    <property name="ant.core.lib" value="/home/odin/.p2/pool/plugins/org.apache.ant_1.9.6.v201510161327/lib/ant.jar" />
    <property name="line.separator" value="&#xa;" />
    <property name="java.vm.specification.vendor" value="Oracle Corporation" />
    <property name="os.name" value="Linux" />
    <property name="ant.home" value="/home/odin/.p2/pool/plugins/org.apache.ant_1.9.6.v201510161327" />
    <property name="project.output.folder" value="/home/odin/workspace/ine5448/EightPuzzleGame/scova" />
    <property name="eclipse.pdebuild.templates" value="/home/odin/eclipse/java-neon/eclipse/../../../.p2/pool/plugins/org.eclipse.pde.build_3.9.200.v20160204-0642/templates//" />
    <property name="scova.classpath" value="../bin;../deps/asm-debug-all-4.1.jar;../deps/commons-io-2.4.jar;../deps/junit-4.10.jar;C:/Users/Aniceto/workspace/junit_original/lib/hamcrest-core-1.3.jar" />
    <property name="sun.jnu.encoding" value="UTF-8" />
    <property name="eclipse.pdebuild.home" value="/home/odin/eclipse/java-neon/eclipse/../../../.p2/pool/plugins/org.eclipse.pde.build_3.9.200.v20160204-0642/.//" />
    <property name="java.library.path" value="/usr/java/packages/lib/amd64:/usr/lib/x86_64-linux-gnu/jni:/lib/x86_64-linux-gnu:/usr/lib/x86_64-linux-gnu:/usr/lib/jni:/lib:/usr/lib" />
    <property name="java.specification.name" value="Java Platform API Specification" />
    <property name="java.class.version" value="52.0" />
    <property name="sun.management.compiler" value="HotSpot 64-Bit Tiered Compilers" />
    <property name="project.output.classpath" value="/home/odin/workspace/ine5448/EightPuzzleGame/scova" />
    <property name="os.version" value="4.4.0-59-generic" />
    <property name="ant.file" value="/home/odin/workspace/scova/build/build.xml" />
    <property name="user.home" value="/home/odin" />
    <property name="user.timezone" value="" />
    <property name="java.awt.printerjob" value="sun.print.PSPrinterJob" />
    <property name="java.specification.version" value="1.8" />
    <property name="file.encoding" value="UTF-8" />
    <property name="project.input.classpath" value="/home/odin/workspace/ine5448/EightPuzzleGame/bin:/home/odin/.p2/pool/plugins/org.junit_4.12.0.v201504281640/junit.jar:/home/odin/.p2/pool/plugins/org.hamcrest.core_1.3.0.v201303031735.jar" />
    <property name="user.name" value="odin" />
    <property name="java.class.path" value="/home/odin/workspace/ine5448/EightPuzzleGame/scova:/home/odin/workspace/scova/lib/bin:/home/odin/workspace/scova/deps/junit-4.10.jar:/home/odin/.p2/pool/plugins/org.apache.ant_1.9.6.v201510161327/lib/ant-launcher.jar:/home/odin/.p2/pool/plugins/org.apache.ant_1.9.6.v201510161327/lib/ant.jar:/home/odin/.p2/pool/plugins/org.apache.ant_1.9.6.v201510161327/lib/ant-junit.jar:/home/odin/.p2/pool/plugins/org.apache.ant_1.9.6.v201510161327/lib/ant-junit4.jar" />
    <property name="java.vm.specification.version" value="1.8" />
    <property name="java.home" value="/usr/lib/jvm/java-8-openjdk-amd64/jre" />
    <property name="sun.java.command" value="org.apache.tools.ant.taskdefs.optional.junit.JUnitTestRunner domain.TestPuzzleGame skipNonTests=false filtertrace=true haltOnError=false haltOnFailure=false formatter=org.apache.tools.ant.taskdefs.optional.junit.OutErrSummaryJUnitResultFormatter showoutput=true outputtoformatters=true logfailedtests=true threadid=0 logtestlistenerevents=false formatter=org.apache.tools.ant.taskdefs.optional.junit.XMLJUnitResultFormatter,/home/odin/workspace/ine5448/EightPuzzleGame/scova/TEST-domain.TestPuzzleGame.xml crashfile=/home/odin/workspace/scova/build/junitvmwatcher272879302333181937.properties propsfile=/home/odin/workspace/scova/build/junit914671549075957371.properties" />
    <property name="sun.arch.data.model" value="64" />
    <property name="project.input.folder" value="/home/odin/workspace/ine5448/EightPuzzleGame/bin" />
    <property name="java.specification.vendor" value="Oracle Corporation" />
    <property name="user.language" value="en" />
    <property name="awt.toolkit" value="sun.awt.X11.XToolkit" />
    <property name="java.vm.info" value="mixed mode" />
    <property name="java.version" value="1.8.0_121" />
    <property name="java.ext.dirs" value="/usr/lib/jvm/java-8-openjdk-amd64/jre/lib/ext:/usr/java/packages/lib/ext" />
    <property name="sun.boot.class.path" value="/usr/lib/jvm/java-8-openjdk-amd64/jre/lib/resources.jar:/usr/lib/jvm/java-8-openjdk-amd64/jre/lib/rt.jar:/usr/lib/jvm/java-8-openjdk-amd64/jre/lib/sunrsasign.jar:/usr/lib/jvm/java-8-openjdk-amd64/jre/lib/jsse.jar:/usr/lib/jvm/java-8-openjdk-amd64/jre/lib/jce.jar:/usr/lib/jvm/java-8-openjdk-amd64/jre/lib/charsets.jar:/usr/lib/jvm/java-8-openjdk-amd64/jre/lib/jfr.jar:/usr/lib/jvm/java-8-openjdk-amd64/jre/classes" />
    <property name="java.vendor" value="Oracle Corporation" />
    <property name="file.separator" value="/" />
    <property name="java.vendor.url.bug" value="http://bugreport.sun.com/bugreport/" />
    <property name="sun.cpu.endian" value="little" />
    <property name="sun.io.unicode.encoding" value="UnicodeLittle" />
    <property name="sun.desktop" value="gnome" />
    <property name="sun.cpu.isalist" value="" />
  </properties>
  <testcase classname="domain.TestPuzzleGame" name="testTilesInPositions" time="0.046" />
  <testcase classname="domain.TestPuzzleGame" name="testMoveEmptyCellWithNullDirection" time="0.01" />
  <testcase classname="domain.TestPuzzleGame" name="testMoveEmptyCellNull" time="0.009" />
  <testcase classname="domain.TestPuzzleGame" name="testMoveEmptyCellDown" time="0.008" />
  <testcase classname="domain.TestPuzzleGame" name="testMoveEmptyCellDownFromSuperiorBorder" time="0.011" />
  <testcase classname="domain.TestPuzzleGame" name="testMoveEmptyCellUp" time="0.023" />
  <testcase classname="domain.TestPuzzleGame" name="testMoveEmptyCellUpFromBottomBorder" time="0.009" />
  <testcase classname="domain.TestPuzzleGame" name="testMoveEmptyCellRight" time="0.008" />
  <testcase classname="domain.TestPuzzleGame" name="testMoveEmptyCellRightFromLeftBorder" time="0.008" />
  <testcase classname="domain.TestPuzzleGame" name="testMoveEmptyCellLeft" time="0.006" />
  <testcase classname="domain.TestPuzzleGame" name="testMoveEmptyCellLeftFromRightBorder" time="0.006" />
  <testcase classname="domain.TestPuzzleGame" name="testTilesGeneration" time="0.023" />
  <testcase classname="domain.TestPuzzleGame" name="testNullSquareBoard" time="0.007" />
  <testcase classname="domain.TestPuzzleGame" name="testNullListOfTiles" time="0.013" />
  <testcase classname="domain.TestPuzzleGame" name="testNotNullTilesGeneration" time="0.014" />
  <system-out><![CDATA[--------------------------------------
Begin test capture for : domain/TestPuzzleGame.testTilesInPositions()V
State Coverage Report for domain/TestPuzzleGame.testTilesInPositions()V
Modified states: 3 [ "domain/Position.column", "domain/Position.line", "domain/Cell.tile" ]
Covered states: 2 [ "domain/TestPuzzleGame.tiles", "domain/TestPuzzleGame.board" ]
State Coverage: 0.0
End test capture for : domain/TestPuzzleGame.testTilesInPositions()V
--------------------------------------
--------------------------------------
Begin test capture for : domain/TestPuzzleGame.testMoveEmptyCellWithNullDirection()V
State Coverage Report for domain/TestPuzzleGame.testMoveEmptyCellWithNullDirection()V
Modified states: 3 [ "domain/Position.column", "domain/Position.line", "domain/Cell.tile" ]
Covered states: 2 [ "LEFT", "domain/TestPuzzleGame.game" ]
State Coverage: 0.0
End test capture for : domain/TestPuzzleGame.testMoveEmptyCellWithNullDirection()V
--------------------------------------
--------------------------------------
Begin test capture for : domain/TestPuzzleGame.testMoveEmptyCellNull()V
State Coverage Report for domain/TestPuzzleGame.testMoveEmptyCellNull()V
Modified states: 3 [ "domain/Position.column", "domain/Position.line", "domain/Cell.tile" ]
Covered states: 0 [  ]
State Coverage: 0.0
End test capture for : domain/TestPuzzleGame.testMoveEmptyCellNull()V
--------------------------------------
--------------------------------------
Begin test capture for : domain/TestPuzzleGame.testMoveEmptyCellDown()V
State Coverage Report for domain/TestPuzzleGame.testMoveEmptyCellDown()V
Modified states: 4 [ "domain/Position.column", "domain/Position.line", "domain/Cell.tile", "domain/PuzzleGame.emptyCell" ]
Covered states: 5 [ "DOWN", "LEFT", "domain/PuzzleGame.board", "domain/TestPuzzleGame.game", "domain/PuzzleGame.emptyCell" ]
State Coverage: 0.25
End test capture for : domain/TestPuzzleGame.testMoveEmptyCellDown()V
--------------------------------------
--------------------------------------
Begin test capture for : domain/TestPuzzleGame.testMoveEmptyCellDownFromSuperiorBorder()V
State Coverage Report for domain/TestPuzzleGame.testMoveEmptyCellDownFromSuperiorBorder()V
Modified states: 4 [ "domain/Position.column", "domain/Position.line", "domain/Cell.tile", "domain/PuzzleGame.emptyCell" ]
Covered states: 5 [ "DOWN", "LEFT", "domain/PuzzleGame.board", "domain/TestPuzzleGame.game", "domain/PuzzleGame.emptyCell" ]
State Coverage: 0.25
End test capture for : domain/TestPuzzleGame.testMoveEmptyCellDownFromSuperiorBorder()V
--------------------------------------
--------------------------------------
Begin test capture for : domain/TestPuzzleGame.testMoveEmptyCellUp()V
State Coverage Report for domain/TestPuzzleGame.testMoveEmptyCellUp()V
Modified states: 4 [ "domain/Position.column", "domain/Position.line", "domain/Cell.tile", "domain/PuzzleGame.emptyCell" ]
Covered states: 5 [ "LEFT", "domain/PuzzleGame.board", "domain/TestPuzzleGame.game", "domain/PuzzleGame.emptyCell", "UP" ]
State Coverage: 0.25
End test capture for : domain/TestPuzzleGame.testMoveEmptyCellUp()V
--------------------------------------
--------------------------------------
Begin test capture for : domain/TestPuzzleGame.testMoveEmptyCellUpFromBottomBorder()V
State Coverage Report for domain/TestPuzzleGame.testMoveEmptyCellUpFromBottomBorder()V
Modified states: 3 [ "domain/Position.column", "domain/Position.line", "domain/Cell.tile" ]
Covered states: 3 [ "LEFT", "domain/TestPuzzleGame.game", "UP" ]
State Coverage: 0.0
End test capture for : domain/TestPuzzleGame.testMoveEmptyCellUpFromBottomBorder()V
--------------------------------------
--------------------------------------
Begin test capture for : domain/TestPuzzleGame.testMoveEmptyCellRight()V
State Coverage Report for domain/TestPuzzleGame.testMoveEmptyCellRight()V
Modified states: 4 [ "domain/Position.column", "domain/Position.line", "domain/Cell.tile", "domain/PuzzleGame.emptyCell" ]
Covered states: 5 [ "LEFT", "domain/PuzzleGame.board", "domain/TestPuzzleGame.game", "domain/PuzzleGame.emptyCell", "RIGHT" ]
State Coverage: 0.25
End test capture for : domain/TestPuzzleGame.testMoveEmptyCellRight()V
--------------------------------------
--------------------------------------
Begin test capture for : domain/TestPuzzleGame.testMoveEmptyCellRightFromLeftBorder()V
State Coverage Report for domain/TestPuzzleGame.testMoveEmptyCellRightFromLeftBorder()V
Modified states: 4 [ "domain/Position.column", "domain/Position.line", "domain/Cell.tile", "domain/PuzzleGame.emptyCell" ]
Covered states: 5 [ "LEFT", "domain/PuzzleGame.board", "domain/TestPuzzleGame.game", "domain/PuzzleGame.emptyCell", "RIGHT" ]
State Coverage: 0.25
End test capture for : domain/TestPuzzleGame.testMoveEmptyCellRightFromLeftBorder()V
--------------------------------------
--------------------------------------
Begin test capture for : domain/TestPuzzleGame.testMoveEmptyCellLeft()V
State Coverage Report for domain/TestPuzzleGame.testMoveEmptyCellLeft()V
Modified states: 4 [ "domain/Position.column", "domain/Position.line", "domain/Cell.tile", "domain/PuzzleGame.emptyCell" ]
Covered states: 4 [ "LEFT", "domain/PuzzleGame.board", "domain/TestPuzzleGame.game", "domain/PuzzleGame.emptyCell" ]
State Coverage: 0.25
End test capture for : domain/TestPuzzleGame.testMoveEmptyCellLeft()V
--------------------------------------
--------------------------------------
Begin test capture for : domain/TestPuzzleGame.testMoveEmptyCellLeftFromRightBorder()V
State Coverage Report for domain/TestPuzzleGame.testMoveEmptyCellLeftFromRightBorder()V
Modified states: 3 [ "domain/Position.column", "domain/Position.line", "domain/Cell.tile" ]
Covered states: 2 [ "LEFT", "domain/TestPuzzleGame.game" ]
State Coverage: 0.0
End test capture for : domain/TestPuzzleGame.testMoveEmptyCellLeftFromRightBorder()V
--------------------------------------
--------------------------------------
Begin test capture for : domain/TestPuzzleGame.testTilesGeneration()V
State Coverage Report for domain/TestPuzzleGame.testTilesGeneration()V
Modified states: 0 [  ]
Covered states: 2 [ "domain/TestPuzzleGame.dimension", "domain/TestPuzzleGame.tiles" ]
State Coverage: 0.0
End test capture for : domain/TestPuzzleGame.testTilesGeneration()V
--------------------------------------
--------------------------------------
Begin test capture for : domain/TestPuzzleGame.testNullSquareBoard()V
--------------------------------------
Begin test capture for : domain/TestPuzzleGame.testNullListOfTiles()V
--------------------------------------
Begin test capture for : domain/TestPuzzleGame.testNotNullTilesGeneration()V
State Coverage Report for domain/TestPuzzleGame.testNotNullTilesGeneration()V
Modified states: 0 [  ]
Covered states: 1 [ "domain/TestPuzzleGame.tiles" ]
State Coverage: 0.0
End test capture for : domain/TestPuzzleGame.testNotNullTilesGeneration()V
--------------------------------------
]]></system-out>
  <system-err><![CDATA[]]></system-err>
</testsuite>
