<?xml version="1.0" encoding="UTF-8" ?>
<testsuite errors="1" failures="0" hostname="valhalla" name="domain.TestPuzzleGame" skipped="0" tests="1" time="0.0" timestamp="2017-06-24T14:25:06">
  <properties>
    <property name="ant.project.invoked-targets" value="all-report" />
    <property name="java.runtime.name" value="OpenJDK Runtime Environment" />
    <property name="sun.boot.library.path" value="/usr/lib/jvm/java-8-openjdk-amd64/jre/lib/amd64" />
    <property name="java.vm.version" value="25.121-b13" />
    <property name="ant.library.dir" value="/home/odin/.p2/pool/plugins/org.apache.ant_1.9.6.v201510161327/lib" />
    <property name="test.home" value="/home/odin/workspace/ine5448/EightPuzzleGame/testes" />
    <property name="ant.version" value="Apache Ant(TM) version 1.9.6 compiled on June 29 2015" />
    <property name="ant.java.version" value="1.8" />
    <property name="java.vm.vendor" value="Oracle Corporation" />
    <property name="java.vendor.url" value="http://java.oracle.com/" />
    <property name="path.separator" value=":" />
    <property name="java.vm.name" value="OpenJDK 64-Bit Server VM" />
    <property name="file.encoding.pkg" value="sun.io" />
    <property name="user.country" value="US" />
    <property name="sun.java.launcher" value="SUN_STANDARD" />
    <property name="sun.os.patch.level" value="unknown" />
    <property name="java.vm.specification.name" value="Java Virtual Machine Specification" />
    <property name="user.dir" value="/home/odin/workspace/ine5448/EightPuzzleGame/scova" />
    <property name="java.runtime.version" value="1.8.0_121-8u121-b13-0ubuntu1.16.04.2-b13" />
    <property name="java.awt.graphicsenv" value="sun.awt.X11GraphicsEnvironment" />
    <property name="eclipse.pdebuild.scripts" value="/home/odin/eclipse/java-neon/eclipse/../../../.p2/pool/plugins/org.eclipse.pde.build_3.9.200.v20160204-0642/scripts//" />
    <property name="basedir" value="/home/odin/workspace/ine5448/scova/build" />
    <property name="java.endorsed.dirs" value="/usr/lib/jvm/java-8-openjdk-amd64/jre/lib/endorsed" />
    <property name="os.arch" value="amd64" />
    <property name="ant.project.default-target" value="all" />
    <property name="java.io.tmpdir" value="/tmp" />
    <property name="ant.core.lib" value="/home/odin/.p2/pool/plugins/org.apache.ant_1.9.6.v201510161327/lib/ant.jar" />
    <property name="line.separator" value="&#xa;" />
    <property name="java.vm.specification.vendor" value="Oracle Corporation" />
    <property name="os.name" value="Linux" />
    <property name="ant.home" value="/home/odin/.p2/pool/plugins/org.apache.ant_1.9.6.v201510161327" />
    <property name="project.output.folder" value="/home/odin/workspace/ine5448/EightPuzzleGame/scova" />
    <property name="eclipse.pdebuild.templates" value="/home/odin/eclipse/java-neon/eclipse/../../../.p2/pool/plugins/org.eclipse.pde.build_3.9.200.v20160204-0642/templates//" />
    <property name="scova.classpath" value="../bin;../deps/asm-debug-all-4.1.jar;../deps/commons-io-2.4.jar;../deps/junit-4.10.jar;C:/Users/Aniceto/workspace/junit_original/lib/hamcrest-core-1.3.jar" />
    <property name="sun.jnu.encoding" value="UTF-8" />
    <property name="eclipse.pdebuild.home" value="/home/odin/eclipse/java-neon/eclipse/../../../.p2/pool/plugins/org.eclipse.pde.build_3.9.200.v20160204-0642/.//" />
    <property name="java.library.path" value="/usr/java/packages/lib/amd64:/usr/lib/x86_64-linux-gnu/jni:/lib/x86_64-linux-gnu:/usr/lib/x86_64-linux-gnu:/usr/lib/jni:/lib:/usr/lib" />
    <property name="java.specification.name" value="Java Platform API Specification" />
    <property name="java.class.version" value="52.0" />
    <property name="sun.management.compiler" value="HotSpot 64-Bit Tiered Compilers" />
    <property name="project.output.classpath" value="/home/odin/workspace/ine5488/EightPuzzleGame/scova" />
    <property name="os.version" value="4.4.0-59-generic" />
    <property name="ant.file" value="/home/odin/workspace/ine5448/scova/build/build.xml" />
    <property name="user.home" value="/home/odin" />
    <property name="user.timezone" value="" />
    <property name="java.awt.printerjob" value="sun.print.PSPrinterJob" />
    <property name="java.specification.version" value="1.8" />
    <property name="file.encoding" value="UTF-8" />
    <property name="project.input.classpath" value="/home/odin/workspace/ine5448/EightPuzzleGame/bin:/home/odin/.p2/pool/plugins/org.junit_4.12.0.v201504281640/junit.jar:/home/odin/.p2/pool/plugins/org.hamcrest.core_1.3.0.v201303031735.jar" />
    <property name="user.name" value="odin" />
    <property name="java.class.path" value="/home/odin/workspace/ine5448/scova/lib/bin:/home/odin/workspace/ine5448/scova/deps/junit-4.10.jar:/home/odin/.p2/pool/plugins/org.apache.ant_1.9.6.v201510161327/lib/ant-launcher.jar:/home/odin/.p2/pool/plugins/org.apache.ant_1.9.6.v201510161327/lib/ant.jar:/home/odin/.p2/pool/plugins/org.apache.ant_1.9.6.v201510161327/lib/ant-junit.jar:/home/odin/.p2/pool/plugins/org.apache.ant_1.9.6.v201510161327/lib/ant-junit4.jar" />
    <property name="java.vm.specification.version" value="1.8" />
    <property name="java.home" value="/usr/lib/jvm/java-8-openjdk-amd64/jre" />
    <property name="sun.java.command" value="org.apache.tools.ant.taskdefs.optional.junit.JUnitTestRunner domain.TestPuzzleGame skipNonTests=false filtertrace=true haltOnError=false haltOnFailure=false formatter=org.apache.tools.ant.taskdefs.optional.junit.OutErrSummaryJUnitResultFormatter showoutput=true outputtoformatters=true logfailedtests=true threadid=0 logtestlistenerevents=false formatter=org.apache.tools.ant.taskdefs.optional.junit.XMLJUnitResultFormatter,/home/odin/workspace/ine5448/EightPuzzleGame/scova/TEST-domain.TestPuzzleGame.xml crashfile=/home/odin/workspace/ine5448/scova/build/junitvmwatcher6991260215396997286.properties propsfile=/home/odin/workspace/ine5448/scova/build/junit6834013309711589704.properties" />
    <property name="sun.arch.data.model" value="64" />
    <property name="project.input.folder" value="/home/odin/workspace/ine5448/EightPuzzleGame/bin" />
    <property name="java.specification.vendor" value="Oracle Corporation" />
    <property name="user.language" value="en" />
    <property name="awt.toolkit" value="sun.awt.X11.XToolkit" />
    <property name="java.vm.info" value="mixed mode" />
    <property name="java.version" value="1.8.0_121" />
    <property name="java.ext.dirs" value="/usr/lib/jvm/java-8-openjdk-amd64/jre/lib/ext:/usr/java/packages/lib/ext" />
    <property name="sun.boot.class.path" value="/usr/lib/jvm/java-8-openjdk-amd64/jre/lib/resources.jar:/usr/lib/jvm/java-8-openjdk-amd64/jre/lib/rt.jar:/usr/lib/jvm/java-8-openjdk-amd64/jre/lib/sunrsasign.jar:/usr/lib/jvm/java-8-openjdk-amd64/jre/lib/jsse.jar:/usr/lib/jvm/java-8-openjdk-amd64/jre/lib/jce.jar:/usr/lib/jvm/java-8-openjdk-amd64/jre/lib/charsets.jar:/usr/lib/jvm/java-8-openjdk-amd64/jre/lib/jfr.jar:/usr/lib/jvm/java-8-openjdk-amd64/jre/classes" />
    <property name="java.vendor" value="Oracle Corporation" />
    <property name="file.separator" value="/" />
    <property name="java.vendor.url.bug" value="http://bugreport.sun.com/bugreport/" />
    <property name="sun.cpu.endian" value="little" />
    <property name="sun.io.unicode.encoding" value="UnicodeLittle" />
    <property name="sun.desktop" value="gnome" />
    <property name="sun.cpu.isalist" value="" />
  </properties>
  <error message="domain.TestPuzzleGame" type="java.lang.ClassNotFoundException">java.lang.ClassNotFoundException: domain.TestPuzzleGame
	at java.net.URLClassLoader.findClass(URLClassLoader.java:381)
	at java.lang.ClassLoader.loadClass(ClassLoader.java:424)
	at sun.misc.Launcher$AppClassLoader.loadClass(Launcher.java:331)
	at java.lang.ClassLoader.loadClass(ClassLoader.java:357)
	at java.lang.Class.forName0(Native Method)
	at java.lang.Class.forName(Class.java:264)
</error>
  <system-out><![CDATA[]]></system-out>
  <system-err><![CDATA[]]></system-err>
</testsuite>
